Start testing: Apr 15 21:10 GMT
----------------------------------------------------------
1/7 Testing: test_calccorr
1/7 Test: test_calccorr
Command: "/home/abrammer/temp/gfdl_tracker/libs/src/tracker/exec/calccorr.x"
Directory: /home/abrammer/temp/gfdl_tracker/libs/src/tracker
"test_calccorr" start time: Apr 15 21:10 GMT
Output:
----------------------------------------------------------
  
  Sum of y-residuals squared (e2) =           24.00
  Sum of y-diffs squared (ydiff2) =           20.00
  
<end of output>
Test time =   0.01 sec
----------------------------------------------------------
Test Passed.
"test_calccorr" end time: Apr 15 21:10 GMT
"test_calccorr" time elapsed: 00:00:00
----------------------------------------------------------

2/7 Testing: test_avgcalc
2/7 Test: test_avgcalc
Command: "/home/abrammer/temp/gfdl_tracker/libs/src/tracker/exec/test_avgcalc.x"
Directory: /home/abrammer/temp/gfdl_tracker/libs/src/tracker
"test_avgcalc" start time: Apr 15 21:10 GMT
Output:
----------------------------------------------------------
<end of output>
Test time =   0.01 sec
----------------------------------------------------------
Test Passed.
"test_avgcalc" end time: Apr 15 21:10 GMT
"test_avgcalc" time elapsed: 00:00:00
----------------------------------------------------------

3/7 Testing: test_calc_vmag
3/7 Test: test_calc_vmag
Command: "/home/abrammer/temp/gfdl_tracker/libs/src/tracker/exec/test_calc_vmag.x"
Directory: /home/abrammer/temp/gfdl_tracker/libs/src/tracker
"test_calc_vmag" start time: Apr 15 21:10 GMT
Output:
----------------------------------------------------------
<end of output>
Test time =   0.01 sec
----------------------------------------------------------
Test Passed.
"test_calc_vmag" end time: Apr 15 21:10 GMT
"test_calc_vmag" time elapsed: 00:00:00
----------------------------------------------------------

4/7 Testing: test_getcorr
4/7 Test: test_getcorr
Command: "/home/abrammer/temp/gfdl_tracker/libs/src/tracker/exec/test_getcorr.x"
Directory: /home/abrammer/temp/gfdl_tracker/libs/src/tracker
"test_getcorr" start time: Apr 15 21:10 GMT
Output:
----------------------------------------------------------
<end of output>
Test time =   0.01 sec
----------------------------------------------------------
Test Passed.
"test_getcorr" end time: Apr 15 21:10 GMT
"test_getcorr" time elapsed: 00:00:00
----------------------------------------------------------

5/7 Testing: test_stdevcalc
5/7 Test: test_stdevcalc
Command: "/home/abrammer/temp/gfdl_tracker/libs/src/tracker/exec/test_stdevcalc.x"
Directory: /home/abrammer/temp/gfdl_tracker/libs/src/tracker
"test_stdevcalc" start time: Apr 15 21:10 GMT
Output:
----------------------------------------------------------
<end of output>
Test time =   0.01 sec
----------------------------------------------------------
Test Passed.
"test_stdevcalc" end time: Apr 15 21:10 GMT
"test_stdevcalc" time elapsed: 00:00:00
----------------------------------------------------------

6/7 Testing: test_wtavrg_lon
6/7 Test: test_wtavrg_lon
Command: "/home/abrammer/temp/gfdl_tracker/libs/src/tracker/exec/test_wtavrg_lon.x"
Directory: /home/abrammer/temp/gfdl_tracker/libs/src/tracker
"test_wtavrg_lon" start time: Apr 15 21:10 GMT
Output:
----------------------------------------------------------
<end of output>
Test time =   0.01 sec
----------------------------------------------------------
Test Passed.
"test_wtavrg_lon" end time: Apr 15 21:10 GMT
"test_wtavrg_lon" time elapsed: 00:00:00
----------------------------------------------------------

7/7 Testing: test_wtavrg
7/7 Test: test_wtavrg
Command: "/home/abrammer/temp/gfdl_tracker/libs/src/tracker/exec/test_wtavrg.x"
Directory: /home/abrammer/temp/gfdl_tracker/libs/src/tracker
"test_wtavrg" start time: Apr 15 21:10 GMT
Output:
----------------------------------------------------------
<end of output>
Test time =   0.01 sec
----------------------------------------------------------
Test Passed.
"test_wtavrg" end time: Apr 15 21:10 GMT
"test_wtavrg" time elapsed: 00:00:00
----------------------------------------------------------

End testing: Apr 15 21:10 GMT
